[debug] [2022-06-16T05:29:54.905Z] ----------------------------------------------------------------------
[debug] [2022-06-16T05:29:54.913Z] Command:       C:\Program Files\nodejs\node.exe C:\Users\91903\AppData\Roaming\npm\node_modules\firebase-tools\lib\bin\firebase.js emulators:start
[debug] [2022-06-16T05:29:54.915Z] CLI Version:   11.0.1
[debug] [2022-06-16T05:29:54.915Z] Platform:      win32
[debug] [2022-06-16T05:29:54.916Z] Node Version:  v16.14.2
[debug] [2022-06-16T05:29:54.927Z] Time:          Thu Jun 16 2022 10:59:54 GMT+0530 (India Standard Time)
[debug] [2022-06-16T05:29:54.927Z] ----------------------------------------------------------------------
[debug] 
[debug] [2022-06-16T05:29:55.028Z] > command requires scopes: ["email","openid","https://www.googleapis.com/auth/cloudplatformprojects.readonly","https://www.googleapis.com/auth/firebase","https://www.googleapis.com/auth/cloud-platform"]
[debug] [2022-06-16T05:29:55.029Z] > authorizing via signed-in user (ijas.mi2714@gmail.com)
[info] i  emulators: Starting emulators: functions, hosting {"metadata":{"emulator":{"name":"hub"},"message":"Starting emulators: functions, hosting"}}
[debug] [2022-06-16T05:29:55.163Z] [hub] writing locator at C:\Users\91903\AppData\Local\Temp\hub-clone-41e93.json
[warn] !  functions: The following emulators are not running, calls to these services from the Functions emulator will affect production: auth, firestore, database, pubsub, storage {"metadata":{"emulator":{"name":"functions"},"message":"The following emulators are not running, calls to these services from the Functions emulator will affect production: \u001b[1mauth, firestore, database, pubsub, storage\u001b[22m"}}
[info] +  functions: Using node@16 from host. {"metadata":{"emulator":{"name":"functions"},"message":"Using node@16 from host."}}
[debug] [2022-06-16T05:29:55.275Z] defaultcredentials: writing to file C:\Users\91903\AppData\Roaming\firebase\ijas_mi2714_gmail.com_application_default_credentials.json
[debug] [2022-06-16T05:29:55.305Z] Setting GAC to C:\Users\91903\AppData\Roaming\firebase\ijas_mi2714_gmail.com_application_default_credentials.json {"metadata":{"emulator":{"name":"functions"},"message":"Setting GAC to C:\\Users\\91903\\AppData\\Roaming\\firebase\\ijas_mi2714_gmail.com_application_default_credentials.json"}}
[debug] [2022-06-16T05:29:55.309Z] > refreshing access token with scopes: []
[debug] [2022-06-16T05:29:55.312Z] >>> HTTP REQUEST POST https://www.googleapis.com/oauth2/v3/token  
 <request body omitted>
[debug] [2022-06-16T05:29:55.452Z] <<< HTTP RESPONSE 200 {"expires":"Mon, 01 Jan 1990 00:00:00 GMT","pragma":"no-cache","date":"Thu, 16 Jun 2022 05:29:53 GMT","cache-control":"no-cache, no-store, max-age=0, must-revalidate","content-type":"application/json; charset=utf-8","vary":"X-Origin, Referer, Origin,Accept-Encoding","server":"scaffolding on HTTPServer2","x-xss-protection":"0","x-frame-options":"SAMEORIGIN","x-content-type-options":"nosniff","alt-svc":"h3=\":443\"; ma=2592000,h3-29=\":443\"; ma=2592000,h3-Q050=\":443\"; ma=2592000,h3-Q046=\":443\"; ma=2592000,h3-Q043=\":443\"; ma=2592000,quic=\":443\"; ma=2592000; v=\"46,43\"","accept-ranges":"none","transfer-encoding":"chunked"}
[debug] [2022-06-16T05:29:55.488Z] >>> [apiv2][query] GET https://firebase.googleapis.com/v1beta1/projects/clone-41e93/adminSdkConfig [none]
[debug] [2022-06-16T05:29:56.232Z] <<< [apiv2][status] GET https://firebase.googleapis.com/v1beta1/projects/clone-41e93/adminSdkConfig 200
[debug] [2022-06-16T05:29:56.233Z] <<< [apiv2][body] GET https://firebase.googleapis.com/v1beta1/projects/clone-41e93/adminSdkConfig {"projectId":"clone-41e93","storageBucket":"clone-41e93.appspot.com","locationId":"us-central"}
[debug] [2022-06-16T05:29:56.270Z] >>> [apiv2][query] GET https://firebasehosting.googleapis.com/v1beta1/projects/clone-41e93/sites 
[debug] [2022-06-16T05:29:58.202Z] <<< [apiv2][status] GET https://firebasehosting.googleapis.com/v1beta1/projects/clone-41e93/sites 200
[debug] [2022-06-16T05:29:58.203Z] <<< [apiv2][body] GET https://firebasehosting.googleapis.com/v1beta1/projects/clone-41e93/sites {"sites":[{"name":"projects/clone-41e93/sites/clone-41e93","defaultUrl":"https://clone-41e93.web.app","appId":"1:569585389852:web:9e57cb87adc685835a2ad9","type":"DEFAULT_SITE"}]}
[debug] [2022-06-16T05:29:58.204Z] >>> [apiv2][query] GET https://firebase.googleapis.com/v1beta1/projects/clone-41e93/webApps/1:569585389852:web:9e57cb87adc685835a2ad9/config [none]
[debug] [2022-06-16T05:29:59.427Z] <<< [apiv2][status] GET https://firebase.googleapis.com/v1beta1/projects/clone-41e93/webApps/1:569585389852:web:9e57cb87adc685835a2ad9/config 200
[debug] [2022-06-16T05:29:59.428Z] <<< [apiv2][body] GET https://firebase.googleapis.com/v1beta1/projects/clone-41e93/webApps/1:569585389852:web:9e57cb87adc685835a2ad9/config {"projectId":"clone-41e93","appId":"1:569585389852:web:9e57cb87adc685835a2ad9","storageBucket":"clone-41e93.appspot.com","locationId":"us-central","apiKey":"AIzaSyD2xQihui9MEwBuMLdve5weRoXz3Owg-g4","authDomain":"clone-41e93.firebaseapp.com","messagingSenderId":"569585389852"}
[info] i  hosting: Serving hosting files from: build {"metadata":{"emulator":{"name":"hosting"},"message":"Serving hosting files from: \u001b[1mbuild\u001b[22m"}}
[info] +  hosting: Local server: http://localhost:5000 {"metadata":{"emulator":{"name":"hosting"},"message":"Local server: \u001b[4m\u001b[1mhttp://localhost:5000\u001b[22m\u001b[24m"}}
[debug] [2022-06-16T05:29:59.583Z] Ignoring unsupported arg: auto_download {"metadata":{"emulator":{"name":"ui"},"message":"Ignoring unsupported arg: auto_download"}}
[debug] [2022-06-16T05:29:59.584Z] Ignoring unsupported arg: port {"metadata":{"emulator":{"name":"ui"},"message":"Ignoring unsupported arg: port"}}
[debug] [2022-06-16T05:29:59.585Z] Starting Emulator UI with command {"binary":"node","args":["--dns-result-order=ipv4first","C:\\Users\\91903\\.cache\\firebase\\emulators\\ui-v1.7.0\\server.bundle.js"],"optionalArgs":[],"joinArgs":false} {"metadata":{"emulator":{"name":"ui"},"message":"Starting Emulator UI with command {\"binary\":\"node\",\"args\":[\"--dns-result-order=ipv4first\",\"C:\\\\Users\\\\91903\\\\.cache\\\\firebase\\\\emulators\\\\ui-v1.7.0\\\\server.bundle.js\"],\"optionalArgs\":[],\"joinArgs\":false}"}}
[info] i  ui: Emulator UI logging to ui-debug.log {"metadata":{"emulator":{"name":"ui"},"message":"Emulator UI logging to \u001b[1mui-debug.log\u001b[22m"}}
[debug] [2022-06-16T05:29:59.956Z] Web / API server started at localhost:4000
 {"metadata":{"emulator":{"name":"ui"},"message":"Web / API server started at localhost:4000\n"}}
[info] i  functions: Watching "D:\web-development\react-projects\amazon-clone\functions" for Cloud Functions... {"metadata":{"emulator":{"name":"functions"},"message":"Watching \"D:\\web-development\\react-projects\\amazon-clone\\functions\" for Cloud Functions..."}}
[debug] [2022-06-16T05:30:00.163Z] Validating nodejs source
[debug] [2022-06-16T05:30:05.341Z] > [functions] package.json contents: {
  "name": "functions",
  "description": "Cloud Functions for Firebase",
  "scripts": {
    "lint": "eslint .",
    "serve": "firebase emulators:start --only functions",
    "shell": "firebase functions:shell",
    "start": "npm run shell",
    "deploy": "firebase deploy --only functions",
    "logs": "firebase functions:log"
  },
  "engines": {
    "node": "16"
  },
  "main": "index.js",
  "dependencies": {
    "cors": "^2.8.5",
    "express": "^4.18.1",
    "firebase-admin": "^10.0.2",
    "firebase-functions": "^3.18.0",
    "stripe": "^9.8.0"
  },
  "devDependencies": {
    "eslint": "^8.9.0",
    "eslint-config-google": "^0.14.0",
    "firebase-functions-test": "^0.2.0"
  },
  "private": true
}
[debug] [2022-06-16T05:30:05.343Z] Building nodejs source
[debug] [2022-06-16T05:30:05.343Z] Analyzing nodejs backend spec
[debug] [2022-06-16T05:30:05.349Z] Could not find functions.yaml. Must use http discovery
[debug] [2022-06-16T05:30:05.971Z] Serving at port 9005

